<?xml version="1.0" encoding="UTF-8"?>
<coverage generated="1720984588703" clover="3.2.0">
  <project timestamp="1720984588703" name="All files">
    <metrics statements="4" coveredstatements="4" conditionals="10" coveredconditionals="7" methods="1" coveredmethods="1" elements="15" coveredelements="12" complexity="0" loc="4" ncloc="4" packages="1" files="1" classes="1"/>
    <file name="CardItem.tsx" path="C:\Users\Comic\Desktop\Учёба\react\src\components\CardItem\CardItem.tsx">
      <metrics statements="4" coveredstatements="4" conditionals="10" coveredconditionals="7" methods="1" coveredmethods="1"/>
      <line num="1" count="1" type="stmt"/>
      <line num="4" count="1" type="stmt"/>
      <line num="5" count="3" type="stmt"/>
      <line num="7" count="3" type="stmt"/>
    </file>
  </project>
</coverage>
