TN:
SF:src\components\CardItem\CardItem.tsx
FN:4,CardItem
FNF:1
FNH:1
FNDA:3,CardItem
DA:1,1
DA:4,1
DA:5,3
DA:7,3
LF:4
LH:4
BRDA:11,0,0,0
BRDA:11,0,1,3
BRDA:16,1,0,3
BRDA:16,1,1,2
BRDA:20,2,0,0
BRDA:20,2,1,2
BRDA:27,3,0,3
BRDA:27,3,1,1
BRDA:35,4,0,0
BRDA:35,4,1,3
BRF:10
BRH:7
end_of_record
TN:
SF:src\components\CustomHooks\useSearch.tsx
FN:3,(anonymous_0)
FN:4,(anonymous_1)
FN:9,(anonymous_2)
FNF:3
FNH:3
FNDA:4,(anonymous_0)
FNDA:3,(anonymous_1)
FNDA:4,(anonymous_2)
DA:1,1
DA:3,1
DA:4,4
DA:5,3
DA:6,3
DA:9,4
DA:10,4
DA:13,4
DA:16,1
LF:9
LH:9
BRDA:6,0,0,3
BRDA:6,0,1,1
BRF:2
BRH:2
end_of_record
TN:
SF:src\components\NotFoundPage\NotFoundPage.tsx
FN:3,NotFoundPage
FNF:1
FNH:1
FNDA:2,NotFoundPage
DA:1,1
DA:3,1
DA:4,2
LF:3
LH:3
BRF:0
BRH:0
end_of_record
TN:
SF:src\components\Pagination\Pagination.tsx
FN:10,Pagination
FN:15,(anonymous_1)
FN:26,(anonymous_2)
FN:35,(anonymous_3)
FNF:4
FNH:1
FNDA:12,Pagination
FNDA:0,(anonymous_1)
FNDA:0,(anonymous_2)
FNDA:0,(anonymous_3)
DA:1,1
DA:2,1
DA:10,1
DA:15,12
DA:16,0
DA:17,0
DA:21,12
DA:23,0
DA:26,0
DA:35,0
LF:10
LH:5
BRDA:16,0,0,0
BRDA:16,1,0,0
BRDA:16,1,1,0
BRDA:27,2,0,0
BRDA:27,2,1,0
BRDA:36,3,0,0
BRDA:36,3,1,0
BRF:7
BRH:0
end_of_record
TN:
SF:src\context\context.tsx
FN:13,(anonymous_0)
FN:18,(anonymous_1)
FNF:2
FNH:0
FNDA:0,(anonymous_0)
FNDA:0,(anonymous_1)
DA:1,1
DA:9,1
DA:13,1
DA:16,0
DA:18,0
DA:19,0
DA:22,0
LF:7
LH:3
BRF:0
BRH:0
end_of_record
TN:
SF:src\context\useClicked.ts
FN:4,(anonymous_0)
FNF:1
FNH:1
FNDA:12,(anonymous_0)
DA:1,1
DA:2,1
DA:4,1
DA:5,12
DA:6,12
DA:7,12
DA:9,0
LF:7
LH:6
BRDA:6,0,0,12
BRF:1
BRH:1
end_of_record
